[2025-11-20T11:54:08.521] [DEBUG] debug-file - watch worker: send response to session manager. Response type: WatchLog
[2025-11-20T11:54:08.531] [DEBUG] debug-file - session manager: watch message received from worker 1. Type: WatchLog
[2025-11-20T11:54:08.521] [DEBUG] debug-file - watch worker: send response to session manager. Response type: WatchLog
[2025-11-20T11:54:08.532] [DEBUG] debug-file - session manager: watch message received from worker 1. Type: WatchLog
[2025-11-20T11:54:08.522] [DEBUG] debug-file - watch worker: send response to session manager. Response type: WatchLog
[2025-11-20T11:54:08.534] [DEBUG] debug-file - session manager: watch message received from worker 1. Type: WatchLog
[2025-11-20T11:54:08.522] [DEBUG] debug-file - watch worker: send response to session manager. Response type: WatchLog
[2025-11-20T11:54:08.536] [DEBUG] debug-file - session manager: watch message received from worker 1. Type: WatchLog
[2025-11-20T11:54:08.522] [DEBUG] debug-file - watch worker: send response to session manager. Response type: WatchLog
[2025-11-20T11:54:08.538] [DEBUG] debug-file - session manager: watch message received from worker 1. Type: WatchLog
[2025-11-20T11:54:08.522] [DEBUG] debug-file - watch worker: send response to session manager. Response type: WatchLog
[2025-11-20T11:54:08.539] [DEBUG] debug-file - session manager: watch message received from worker 1. Type: WatchLog
[2025-11-20T11:54:08.523] [DEBUG] debug-file - watch worker: send response to session manager. Response type: WatchLog
[2025-11-20T11:54:08.540] [DEBUG] debug-file - session manager: watch message received from worker 1. Type: WatchLog
[2025-11-20T11:54:08.523] [DEBUG] debug-file - watch worker: send response to session manager. Response type: WatchLog
[2025-11-20T11:54:08.541] [DEBUG] debug-file - session manager: watch message received from worker 1. Type: WatchLog
[2025-11-20T11:54:08.524] [DEBUG] debug-file - watch worker: send response to session manager. Response type: WatchLog
[2025-11-20T11:54:08.543] [DEBUG] debug-file - session manager: watch message received from worker 1. Type: WatchLog
[2025-11-20T11:54:08.524] [DEBUG] debug-file - watch worker: send response to session manager. Response type: WatchLog
[2025-11-20T11:54:08.545] [DEBUG] debug-file - session manager: watch message received from worker 1. Type: WatchLog
[2025-11-20T11:54:08.525] [DEBUG] debug-file - watch worker: send response to session manager. Response type: WatchLog
[2025-11-20T11:54:08.546] [DEBUG] debug-file - session manager: watch message received from worker 1. Type: WatchLog
[2025-11-20T11:54:08.525] [DEBUG] debug-file - watch worker: send response to session manager. Response type: WatchLog
[2025-11-20T11:54:08.550] [DEBUG] debug-file - session manager: watch message received from worker 1. Type: WatchLog
[2025-11-20T11:54:08.526] [DEBUG] debug-file - watch worker: send response to session manager. Response type: WatchLog
[2025-11-20T11:54:08.595] [DEBUG] debug-file - session manager: watch message received from worker 1. Type: WatchLog
[2025-11-20T11:54:08.526] [DEBUG] debug-file - watch worker: send response to session manager. Response type: WatchLog
[2025-11-20T11:54:08.597] [DEBUG] debug-file - session manager: watch message received from worker 1. Type: WatchLog
[2025-11-20T11:54:08.526] [DEBUG] debug-file - watch worker: send response to session manager. Response type: WatchLog
[2025-11-20T11:54:08.599] [DEBUG] debug-file - session manager: watch message received from worker 1. Type: WatchLog
[2025-11-20T11:54:08.526] [DEBUG] debug-file - watch worker: send response to session manager. Response type: WatchLog
[2025-11-20T11:54:08.600] [DEBUG] debug-file - session manager: watch message received from worker 1. Type: WatchLog
[2025-11-20T11:54:08.526] [DEBUG] debug-file - watch worker: send response to session manager. Response type: WatchLog
[2025-11-20T11:54:08.602] [DEBUG] debug-file - session manager: watch message received from worker 1. Type: WatchLog
[2025-11-20T11:54:08.526] [DEBUG] debug-file - watch worker: send response to session manager. Response type: WatchLog
[2025-11-20T11:54:08.604] [DEBUG] debug-file - session manager: watch message received from worker 1. Type: WatchLog
[2025-11-20T11:54:08.527] [DEBUG] debug-file - watch worker: send response to session manager. Response type: WatchLog
[2025-11-20T11:54:08.606] [DEBUG] debug-file - session manager: watch message received from worker 1. Type: WatchLog
[2025-11-20T11:54:08.527] [DEBUG] debug-file - watch worker: send response to session manager. Response type: WatchLog
[2025-11-20T11:54:08.608] [DEBUG] debug-file - session manager: watch message received from worker 1. Type: WatchLog
[2025-11-20T11:54:08.528] [DEBUG] debug-file - watch worker: send response to session manager. Response type: WatchLog
[2025-11-20T11:54:08.611] [DEBUG] debug-file - session manager: watch message received from worker 1. Type: WatchLog
[2025-11-20T11:54:08.529] [DEBUG] debug-file - watch worker: send response to session manager. Response type: WatchLog
[2025-11-20T11:54:08.613] [DEBUG] debug-file - session manager: watch message received from worker 1. Type: WatchLog
[2025-11-20T11:54:08.530] [DEBUG] debug-file - watch worker: send response to session manager. Response type: WatchLog
[2025-11-20T11:54:08.622] [DEBUG] debug-file - session manager: watch message received from worker 1. Type: WatchLog
[2025-11-20T11:54:08.532] [DEBUG] debug-file - watch worker: send response to session manager. Response type: WatchLog
[2025-11-20T11:54:08.625] [DEBUG] debug-file - session manager: watch message received from worker 1. Type: WatchLog
[2025-11-20T11:54:08.533] [DEBUG] debug-file - watch worker: send response to session manager. Response type: WatchLog
[2025-11-20T11:54:08.627] [DEBUG] debug-file - session manager: watch message received from worker 1. Type: WatchLog
[2025-11-20T11:54:08.533] [DEBUG] debug-file - watch worker: send response to session manager. Response type: WatchLog
[2025-11-20T11:54:08.628] [DEBUG] debug-file - session manager: watch message received from worker 1. Type: WatchLog
[2025-11-20T11:54:08.540] [DEBUG] debug-file - watch worker: send response to session manager. Response type: WatchLog
[2025-11-20T11:54:08.630] [DEBUG] debug-file - session manager: watch message received from worker 1. Type: WatchLog
[2025-11-20T11:54:08.541] [DEBUG] debug-file - watch worker: send response to session manager. Response type: WatchLog
[2025-11-20T11:54:08.631] [DEBUG] debug-file - session manager: watch message received from worker 1. Type: WatchLog
[2025-11-20T11:54:08.541] [DEBUG] debug-file - watch worker: send response to session manager. Response type: WatchLog
[2025-11-20T11:54:08.633] [DEBUG] debug-file - session manager: watch message received from worker 1. Type: WatchLog
[2025-11-20T11:54:08.544] [DEBUG] debug-file - watch worker: send response to session manager. Response type: WatchLog
[2025-11-20T11:54:08.634] [DEBUG] debug-file - session manager: watch message received from worker 1. Type: WatchLog
[2025-11-20T11:54:08.545] [DEBUG] debug-file - watch worker: send response to session manager. Response type: WatchLog
[2025-11-20T11:54:08.635] [DEBUG] debug-file - session manager: watch message received from worker 1. Type: WatchLog
[2025-11-20T11:54:08.545] [DEBUG] debug-file - watch worker: send response to session manager. Response type: WatchLog
[2025-11-20T11:54:08.637] [DEBUG] debug-file - session manager: watch message received from worker 1. Type: WatchLog
[2025-11-20T11:54:08.549] [DEBUG] debug-file - watch worker: send response to session manager. Response type: WatchLog
[2025-11-20T11:54:08.638] [DEBUG] debug-file - session manager: watch message received from worker 1. Type: WatchLog
[2025-11-20T11:54:08.550] [DEBUG] debug-file - watch worker: send response to session manager. Response type: WatchLog
[2025-11-20T11:54:08.639] [DEBUG] debug-file - session manager: watch message received from worker 1. Type: WatchLog
[2025-11-20T11:54:08.550] [DEBUG] debug-file - watch worker: send response to session manager. Response type: WatchLog
[2025-11-20T11:54:08.640] [DEBUG] debug-file - session manager: watch message received from worker 1. Type: WatchLog
[2025-11-20T11:54:08.580] [DEBUG] debug-file - watch worker: send response to session manager. Response type: WatchLog
[2025-11-20T11:54:08.641] [DEBUG] debug-file - session manager: watch message received from worker 1. Type: WatchLog
[2025-11-20T11:54:08.580] [DEBUG] debug-file - watch worker: send response to session manager. Response type: WatchLog
[2025-11-20T11:54:08.643] [DEBUG] debug-file - session manager: watch message received from worker 1. Type: WatchLog
[2025-11-20T11:54:08.580] [DEBUG] debug-file - watch worker: send response to session manager. Response type: WatchLog
[2025-11-20T11:54:08.644] [DEBUG] debug-file - session manager: watch message received from worker 1. Type: WatchLog
[2025-11-20T11:54:08.580] [DEBUG] debug-file - watch worker: send response to session manager. Response type: WatchLog
[2025-11-20T11:54:08.645] [DEBUG] debug-file - session manager: watch message received from worker 1. Type: WatchLog
[2025-11-20T11:54:08.581] [DEBUG] debug-file - watch worker: send response to session manager. Response type: WatchLog
[2025-11-20T11:54:08.647] [DEBUG] debug-file - session manager: watch message received from worker 1. Type: WatchLog
[2025-11-20T11:54:08.581] [DEBUG] debug-file - watch worker: send response to session manager. Response type: WatchLog
[2025-11-20T11:54:08.648] [DEBUG] debug-file - session manager: watch message received from worker 1. Type: WatchLog
[2025-11-20T11:54:08.582] [DEBUG] debug-file - watch worker: send response to session manager. Response type: WatchLog
[2025-11-20T11:54:08.649] [DEBUG] debug-file - session manager: watch message received from worker 1. Type: WatchLog
[2025-11-20T11:54:08.582] [DEBUG] debug-file - watch worker: send response to session manager. Response type: WatchLog
[2025-11-20T11:54:08.650] [DEBUG] debug-file - session manager: watch message received from worker 1. Type: WatchLog
[2025-11-20T11:54:08.582] [DEBUG] debug-file - watch worker: send response to session manager. Response type: WatchLog
[2025-11-20T11:54:08.652] [DEBUG] debug-file - session manager: watch message received from worker 1. Type: WatchLog
[2025-11-20T11:54:08.582] [DEBUG] debug-file - watch worker: send response to session manager. Response type: WatchLog
[2025-11-20T11:54:08.653] [DEBUG] debug-file - session manager: watch message received from worker 1. Type: WatchLog
[2025-11-20T11:54:08.583] [DEBUG] debug-file - watch worker: send response to session manager. Response type: WatchLog
[2025-11-20T11:54:08.654] [DEBUG] debug-file - session manager: watch message received from worker 1. Type: WatchLog
[2025-11-20T11:54:08.583] [DEBUG] debug-file - watch worker: send response to session manager. Response type: WatchLog
[2025-11-20T11:54:08.655] [DEBUG] debug-file - session manager: watch message received from worker 1. Type: WatchLog
[2025-11-20T11:54:11.265] [DEBUG] debug-file - watch worker: send response to session manager. Response type: WatchResult
[2025-11-20T11:54:11.267] [DEBUG] debug-file - session manager: watch message received from worker 1. Type: WatchResult
[2025-11-20T11:54:11.273] [INFO] debug-file - Finished :entry:default@PreviewArkTS... after 34 s 880 ms 
[2025-11-20T11:54:11.273] [DEBUG] debug-file - Executing task :entry:PreviewBuild
[2025-11-20T11:54:11.273] [DEBUG] debug-file - entry : PreviewBuild cost memory 0.01430511474609375
[2025-11-20T11:54:11.274] [DEBUG] debug-file - runTaskFromQueue task cost before running: 36 s 71 ms 
[2025-11-20T11:54:11.275] [INFO] debug-file - Finished :entry:PreviewBuild... after 1 ms 
[2025-11-20T11:54:11.293] [INFO] debug-file - BUILD SUCCESSFUL in 36 s 90 ms 
[2025-11-20T11:54:11.294] [DEBUG] debug-file - There is no need to refresh cache, since the incremental task entry:default@PreBuild is up-to-date.
[2025-11-20T11:54:11.294] [DEBUG] debug-file - Update task entry:default@CreateModuleInfo output file:C:\Dev\MysterySolo\entry\.preview\default\generated\profile\default\ModuleInfo.ts cache.
[2025-11-20T11:54:11.295] [DEBUG] debug-file - Incremental task entry:default@CreateModuleInfo post-execution cost:1 ms .
[2025-11-20T11:54:11.295] [DEBUG] debug-file - There is no need to refresh cache, since the incremental task entry:default@MergeProfile is up-to-date.
[2025-11-20T11:54:11.295] [DEBUG] debug-file - There is no need to refresh cache, since the incremental task entry:default@CreateBuildProfile is up-to-date.
[2025-11-20T11:54:11.295] [DEBUG] debug-file - There is no need to refresh cache, since the incremental task entry:default@GeneratePkgContextInfo is up-to-date.
[2025-11-20T11:54:11.295] [DEBUG] debug-file - There is no need to refresh cache, since the incremental task entry:default@ProcessProfile is up-to-date.
[2025-11-20T11:54:11.295] [DEBUG] debug-file - There is no need to refresh cache, since the incremental task entry:default@ProcessRouterMap is up-to-date.
[2025-11-20T11:54:11.296] [DEBUG] debug-file - There is no need to refresh cache, since the incremental task entry:default@ProcessShareConfig is up-to-date.
[2025-11-20T11:54:11.296] [DEBUG] debug-file - Update task entry:default@ProcessStartupConfig input file:C:\Dev\MysterySolo\entry\.preview\default\intermediates\loader\default\pkgContextInfo.json cache by regenerate.
[2025-11-20T11:54:11.297] [DEBUG] debug-file - Update task entry:default@ProcessStartupConfig output file:C:\Dev\MysterySolo\entry\.preview\default\intermediates\startup\default\startup_config.json cache.
[2025-11-20T11:54:11.298] [DEBUG] debug-file - Incremental task entry:default@ProcessStartupConfig post-execution cost:2 ms .
[2025-11-20T11:54:11.298] [DEBUG] debug-file - There is no need to refresh cache, since the incremental task entry:default@GenerateLoaderJson is up-to-date.
[2025-11-20T11:54:11.298] [DEBUG] debug-file - Update task entry:default@PreviewCompileResource input file:C:\Dev\MysterySolo\entry\src\main\resources cache by regenerate.
[2025-11-20T11:54:11.301] [DEBUG] debug-file - Update task entry:default@PreviewCompileResource input file:C:\Dev\MysterySolo\entry\.preview\default\intermediates\merge_profile\default\module.json cache by regenerate.
[2025-11-20T11:54:11.302] [DEBUG] debug-file - Update task entry:default@PreviewCompileResource output file:C:\Dev\MysterySolo\entry\.preview\default\intermediates\res\default cache.
[2025-11-20T11:54:11.306] [DEBUG] debug-file - Update task entry:default@PreviewCompileResource output file:C:\Dev\MysterySolo\entry\.preview\default\generated\r\default cache.
[2025-11-20T11:54:11.307] [DEBUG] debug-file - Incremental task entry:default@PreviewCompileResource post-execution cost:10 ms .
[2025-11-20T11:54:11.308] [DEBUG] debug-file - Update task entry:default@CopyPreviewProfile input file:C:\Dev\MysterySolo\entry\src\main\resources\base\profile cache by regenerate.
[2025-11-20T11:54:11.309] [DEBUG] debug-file - Update task entry:default@CopyPreviewProfile output file:C:\Dev\MysterySolo\entry\.preview\default\intermediates\res\default\resources\base\profile cache.
[2025-11-20T11:54:11.310] [DEBUG] debug-file - Incremental task entry:default@CopyPreviewProfile post-execution cost:3 ms .
[2025-11-20T11:54:11.310] [DEBUG] debug-file - Update task entry:default@PreviewUpdateAssets output file:C:\Dev\MysterySolo\entry\.preview\default\intermediates\res\default\module.json cache.
[2025-11-20T11:54:11.311] [DEBUG] debug-file - Update task entry:default@PreviewUpdateAssets output file:C:\Dev\MysterySolo\entry\.preview\default\intermediates\res\default\resources\base\profile\main_pages.json cache.
[2025-11-20T11:54:11.311] [DEBUG] debug-file - Incremental task entry:default@PreviewUpdateAssets post-execution cost:1 ms .
[2025-11-20T11:54:11.313] [DEBUG] debug-file - Update task entry:default@PreviewArkTS input file:C:\Dev\MysterySolo\entry\.preview\default\intermediates\loader\default cache by regenerate.
[2025-11-20T11:54:11.313] [DEBUG] debug-file - Update task entry:default@PreviewArkTS input file:C:\Dev\MysterySolo\entry\.preview\default\intermediates\res\default\ResourceTable.txt cache from map.
[2025-11-20T11:54:11.313] [DEBUG] debug-file - Update task entry:default@PreviewArkTS input file:C:\Dev\MysterySolo\entry\.preview\default\intermediates\process_profile\default\module.json cache by regenerate.
[2025-11-20T11:54:11.313] [DEBUG] debug-file - Update task entry:default@PreviewArkTS input file:C:\Dev\MysterySolo\entry\.preview\default\intermediates\res\default\resources\base\profile cache by regenerate.
[2025-11-20T11:54:11.315] [DEBUG] debug-file - Update task entry:default@PreviewArkTS input file:C:\Dev\MysterySolo\entry\src\main\ets cache by regenerate.
[2025-11-20T11:54:11.319] [DEBUG] debug-file - Update task entry:default@PreviewArkTS input file:C:\Dev\MysterySolo\entry\.preview\default\intermediates\loader\default\pkgContextInfo.json cache by regenerate.
[2025-11-20T11:54:11.322] [DEBUG] debug-file - Update task entry:default@PreviewArkTS input file:C:\Dev\MysterySolo\entry\.preview\default\generated\profile\default\BuildProfile.ets cache by regenerate.
[2025-11-20T11:54:11.322] [DEBUG] debug-file - Update task entry:default@PreviewArkTS input file:C:\Dev\MysterySolo\entry\src\mock\mock-config.json5 cache by regenerate.
[2025-11-20T11:54:11.323] [DEBUG] debug-file - Update task entry:default@PreviewArkTS output file:C:\Dev\MysterySolo\entry\.preview\default\intermediates\loader_out\default\ets cache.
[2025-11-20T11:54:11.323] [DEBUG] debug-file - Incremental task entry:default@PreviewArkTS post-execution cost:13 ms .
[2025-11-20T11:54:11.364] [DEBUG] debug-file - There's no busy workers and idle workers need cleanup.
[2025-11-20T11:54:11.364] [DEBUG] debug-file - hvigor build process will be closed.
